files/RoadGuardian-Android/RoadGuardian/app/build/intermediates/manifest_merge_blame_file/debug/manifest-merger-blame-debug-report.txt
1<?xml version="1.0" encoding="utf-8"?>
2<manifest xmlns:android="http://schemas.android.com/apk/res/android"
3    package="com.roadguardian.app"
4    android:versionCode="1"
5    android:versionName="1.0" >
6
7    <uses-sdk
8        android:minSdkVersion="24"
9        android:targetSdkVersion="34" />
10
11    <uses-permission android:name="android.permission.INTERNET" />
11-->src\main\AndroidManifest.xml:4:5-67
11-->src\main\AndroidManifest.xml:4:22-64
12    <uses-permission android:name="android.permission.ACCESS_FINE_LOCATION" />
12-->src\main\AndroidManifest.xml:5:5-79
12-->src\main\AndroidManifest.xml:5:22-76
13    <uses-permission android:name="android.permission.ACCESS_COARSE_LOCATION" />
13-->src\main\AndroidManifest.xml:6:5-81
13-->src\main\AndroidManifest.xml:6:22-78
14    <uses-permission android:name="android.permission.CAMERA" />
14-->src\main\AndroidManifest.xml:7:5-65
14-->src\main\AndroidManifest.xml:7:22-62
15    <uses-permission android:name="android.permission.READ_EXTERNAL_STORAGE" />
15-->src\main\AndroidManifest.xml:8:5-80
15-->src\main\AndroidManifest.xml:8:22-77
16    <uses-permission android:name="android.permission.CALL_PHONE" />
16-->src\main\AndroidManifest.xml:9:5-69
16-->src\main\AndroidManifest.xml:9:22-66
17    <uses-permission android:name="android.permission.VIBRATE" />
17-->src\main\AndroidManifest.xml:10:5-66
17-->src\main\AndroidManifest.xml:10:22-63
18    <uses-permission android:name="android.permission.RECEIVE_BOOT_COMPLETED" />
18-->src\main\AndroidManifest.xml:11:5-81
18-->src\main\AndroidManifest.xml:11:22-78
19
20    <!-- Include required permissions for Google Maps API to run. -->
21    <uses-permission android:name="android.permission.ACCESS_NETWORK_STATE" />
21-->[com.google.android.gms:play-services-maps:18.2.0] AndroidManifest.xml:23:5-79
21-->[com.google.android.gms:play-services-maps:18.2.0] AndroidManifest.xml:23:22-76
22
23    <uses-feature
23-->[com.google.android.gms:play-services-maps:18.2.0] AndroidManifest.xml:26:5-28:35
24        android:glEsVersion="0x00020000"
24-->[com.google.android.gms:play-services-maps:18.2.0] AndroidManifest.xml:27:9-41
25        android:required="true" />
25-->[com.google.android.gms:play-services-maps:18.2.0] AndroidManifest.xml:28:9-32
26
27    <queries>
27-->[com.google.android.gms:play-services-maps:18.2.0] AndroidManifest.xml:30:5-34:15
28
29        <!-- Needs to be explicitly declared on Android R+ -->
30        <package android:name="com.google.android.apps.maps" />
30-->[com.google.android.gms:play-services-maps:18.2.0] AndroidManifest.xml:33:9-64
30-->[com.google.android.gms:play-services-maps:18.2.0] AndroidManifest.xml:33:18-61
31    </queries>
32
33    <permission
33-->[androidx.core:core:1.12.0] AndroidManifest.xml:22:5-24:47
34        android:name="com.roadguardian.app.DYNAMIC_RECEIVER_NOT_EXPORTED_PERMISSION"
34-->[androidx.core:core:1.12.0] AndroidManifest.xml:23:9-81
35        android:protectionLevel="signature" />
35-->[androidx.core:core:1.12.0] AndroidManifest.xml:24:9-44
36
37    <uses-permission android:name="com.roadguardian.app.DYNAMIC_RECEIVER_NOT_EXPORTED_PERMISSION" />
37-->[androidx.core:core:1.12.0] AndroidManifest.xml:26:5-97
37-->[androidx.core:core:1.12.0] AndroidManifest.xml:26:22-94
38
39    <application
39-->src\main\AndroidManifest.xml:13:5-46:19
40        android:allowBackup="true"
40-->src\main\AndroidManifest.xml:14:9-35
41        android:appComponentFactory="androidx.core.app.CoreComponentFactory"
41-->[androidx.core:core:1.12.0] AndroidManifest.xml:28:18-86
42        android:debuggable="true"
43        android:extractNativeLibs="false"
44        android:icon="@drawable/ic_launcher"
44-->src\main\AndroidManifest.xml:15:9-45
45        android:label="@string/app_name"
45-->src\main\AndroidManifest.xml:16:9-41
46        android:roundIcon="@drawable/ic_launcher_round"
46-->src\main\AndroidManifest.xml:17:9-56
47        android:supportsRtl="true"
47-->src\main\AndroidManifest.xml:18:9-35
48        android:theme="@style/Theme.RoadGuardian"
48-->src\main\AndroidManifest.xml:19:9-50
49        android:usesCleartextTraffic="true" >
49-->src\main\AndroidManifest.xml:20:9-44
50        <activity
50-->src\main\AndroidManifest.xml:22:9-30:20
51            android:name="com.roadguardian.app.ui.SplashActivity"
51-->src\main\AndroidManifest.xml:23:13-46
52            android:exported="true"
52-->src\main\AndroidManifest.xml:24:13-36
53            android:theme="@style/Theme.RoadGuardian.Splash" >
53-->src\main\AndroidManifest.xml:25:13-61
54            <intent-filter>
54-->src\main\AndroidManifest.xml:26:13-29:29
55                <action android:name="android.intent.action.MAIN" />
55-->src\main\AndroidManifest.xml:27:17-69
55-->src\main\AndroidManifest.xml:27:25-66
56
57                <category android:name="android.intent.category.LAUNCHER" />
57-->src\main\AndroidManifest.xml:28:17-77
57-->src\main\AndroidManifest.xml:28:27-74
58            </intent-filter>
59        </activity>
60        <activity
60-->src\main\AndroidManifest.xml:32:9-78
61            android:name="com.roadguardian.app.ui.LoginActivity"
61-->src\main\AndroidManifest.xml:32:19-51
62            android:exported="false" />
62-->src\main\AndroidManifest.xml:32:52-76
63        <activity
63-->src\main\AndroidManifest.xml:33:9-81
64            android:name="com.roadguardian.app.ui.RegisterActivity"
64-->src\main\AndroidManifest.xml:33:19-54
65            android:exported="false" />
65-->src\main\AndroidManifest.xml:33:55-79
66        <activity
66-->src\main\AndroidManifest.xml:34:9-82
67            android:name="com.roadguardian.app.ui.DashboardActivity"
67-->src\main\AndroidManifest.xml:34:19-55
68            android:exported="false" />
68-->src\main\AndroidManifest.xml:34:56-80
69        <activity
69-->src\main\AndroidManifest.xml:35:9-87
70            android:name="com.roadguardian.app.ui.ReportAccidentActivity"
70-->src\main\AndroidManifest.xml:35:19-60
71            android:exported="false" />
71-->src\main\AndroidManifest.xml:35:61-85
72        <activity
72-->src\main\AndroidManifest.xml:36:9-79
73            android:name="com.roadguardian.app.ui.AiChatActivity"
73-->src\main\AndroidManifest.xml:36:19-52
74            android:exported="false" />
74-->src\main\AndroidManifest.xml:36:53-77
75        <activity
75-->src\main\AndroidManifest.xml:37:9-76
76            android:name="com.roadguardian.app.ui.MapActivity"
76-->src\main\AndroidManifest.xml:37:19-49
77            android:exported="false" />
77-->src\main\AndroidManifest.xml:37:50-74
78        <activity
78-->src\main\AndroidManifest.xml:38:9-90
79            android:name="com.roadguardian.app.ui.EmergencyContactsActivity"
79-->src\main\AndroidManifest.xml:38:19-63
80            android:exported="false" />
80-->src\main\AndroidManifest.xml:38:64-88
81        <activity
81-->src\main\AndroidManifest.xml:39:9-82
82            android:name="com.roadguardian.app.ui.MyReportsActivity"
82-->src\main\AndroidManifest.xml:39:19-55
83            android:exported="false" />
83-->src\main\AndroidManifest.xml:39:56-80
84        <activity
84-->src\main\AndroidManifest.xml:40:9-80
85            android:name="com.roadguardian.app.ui.ProfileActivity"
85-->src\main\AndroidManifest.xml:40:19-53
86            android:exported="false" />
86-->src\main\AndroidManifest.xml:40:54-78
87        <activity
87-->src\main\AndroidManifest.xml:41:9-76
88            android:name="com.roadguardian.app.ui.SosActivity"
88-->src\main\AndroidManifest.xml:41:19-49
89            android:exported="false" />
89-->src\main\AndroidManifest.xml:41:50-74
90
91        <meta-data
91-->src\main\AndroidManifest.xml:43:9-45:55
92            android:name="com.google.android.geo.API_KEY"
92-->src\main\AndroidManifest.xml:44:13-58
93            android:value="YOUR_GOOGLE_MAPS_API_KEY" />
93-->src\main\AndroidManifest.xml:45:13-53
94
95        <provider
95-->[com.squareup.picasso:picasso:2.8] AndroidManifest.xml:8:9-11:40
96            android:name="com.squareup.picasso.PicassoProvider"
96-->[com.squareup.picasso:picasso:2.8] AndroidManifest.xml:9:13-64
97            android:authorities="com.roadguardian.app.com.squareup.picasso"
97-->[com.squareup.picasso:picasso:2.8] AndroidManifest.xml:10:13-72
98            android:exported="false" /> <!-- Needs to be explicitly declared on P+ -->
98-->[com.squareup.picasso:picasso:2.8] AndroidManifest.xml:11:13-37
99        <uses-library
99-->[com.google.android.gms:play-services-maps:18.2.0] AndroidManifest.xml:39:9-41:40
100            android:name="org.apache.http.legacy"
100-->[com.google.android.gms:play-services-maps:18.2.0] AndroidManifest.xml:40:13-50
101            android:required="false" />
101-->[com.google.android.gms:play-services-maps:18.2.0] AndroidManifest.xml:41:13-37
102
103        <activity
103-->[com.google.android.gms:play-services-base:18.1.0] AndroidManifest.xml:20:9-22:45
104            android:name="com.google.android.gms.common.api.GoogleApiActivity"
104-->[com.google.android.gms:play-services-base:18.1.0] AndroidManifest.xml:20:19-85
105            android:exported="false"
105-->[com.google.android.gms:play-services-base:18.1.0] AndroidManifest.xml:22:19-43
106            android:theme="@android:style/Theme.Translucent.NoTitleBar" />
106-->[com.google.android.gms:play-services-base:18.1.0] AndroidManifest.xml:21:19-78
107
108        <meta-data
108-->[com.google.android.gms:play-services-basement:18.1.0] AndroidManifest.xml:21:9-23:69
109            android:name="com.google.android.gms.version"
109-->[com.google.android.gms:play-services-basement:18.1.0] AndroidManifest.xml:22:13-58
110            android:value="@integer/google_play_services_version" />
110-->[com.google.android.gms:play-services-basement:18.1.0] AndroidManifest.xml:23:13-66
111
112        <provider
112-->[androidx.emoji2:emoji2:1.2.0] AndroidManifest.xml:24:9-32:20
113            android:name="androidx.startup.InitializationProvider"
113-->[androidx.emoji2:emoji2:1.2.0] AndroidManifest.xml:25:13-67
114            android:authorities="com.roadguardian.app.androidx-startup"
114-->[androidx.emoji2:emoji2:1.2.0] AndroidManifest.xml:26:13-68
115            android:exported="false" >
115-->[androidx.emoji2:emoji2:1.2.0] AndroidManifest.xml:27:13-37
116            <meta-data
116-->[androidx.emoji2:emoji2:1.2.0] AndroidManifest.xml:29:13-31:52
117                android:name="androidx.emoji2.text.EmojiCompatInitializer"
117-->[androidx.emoji2:emoji2:1.2.0] AndroidManifest.xml:30:17-75
118                android:value="androidx.startup" />
118-->[androidx.emoji2:emoji2:1.2.0] AndroidManifest.xml:31:17-49
119            <meta-data
119-->[androidx.lifecycle:lifecycle-process:2.6.1] AndroidManifest.xml:29:13-31:52
120                android:name="androidx.lifecycle.ProcessLifecycleInitializer"
120-->[androidx.lifecycle:lifecycle-process:2.6.1] AndroidManifest.xml:30:17-78
121                android:value="androidx.startup" />
121-->[androidx.lifecycle:lifecycle-process:2.6.1] AndroidManifest.xml:31:17-49
122            <meta-data
122-->[androidx.profileinstaller:profileinstaller:1.3.0] AndroidManifest.xml:29:13-31:52
123                android:name="androidx.profileinstaller.ProfileInstallerInitializer"
123-->[androidx.profileinstaller:profileinstaller:1.3.0] AndroidManifest.xml:30:17-85
124                android:value="androidx.startup" />
124-->[androidx.profileinstaller:profileinstaller:1.3.0] AndroidManifest.xml:31:17-49
125        </provider>
126
127        <receiver
127-->[androidx.profileinstaller:profileinstaller:1.3.0] AndroidManifest.xml:34:9-52:20
128            android:name="androidx.profileinstaller.ProfileInstallReceiver"
128-->[androidx.profileinstaller:profileinstaller:1.3.0] AndroidManifest.xml:35:13-76
129            android:directBootAware="false"
129-->[androidx.profileinstaller:profileinstaller:1.3.0] AndroidManifest.xml:36:13-44
130            android:enabled="true"
130-->[androidx.profileinstaller:profileinstaller:1.3.0] AndroidManifest.xml:37:13-35
131            android:exported="true"
131-->[androidx.profileinstaller:profileinstaller:1.3.0] AndroidManifest.xml:38:13-36
132            android:permission="android.permission.DUMP" >
132-->[androidx.profileinstaller:profileinstaller:1.3.0] AndroidManifest.xml:39:13-57
133            <intent-filter>
133-->[androidx.profileinstaller:profileinstaller:1.3.0] AndroidManifest.xml:40:13-42:29
134                <action android:name="androidx.profileinstaller.action.INSTALL_PROFILE" />
134-->[androidx.profileinstaller:profileinstaller:1.3.0] AndroidManifest.xml:41:17-91
134-->[androidx.profileinstaller:profileinstaller:1.3.0] AndroidManifest.xml:41:25-88
135            </intent-filter>
136            <intent-filter>
136-->[androidx.profileinstaller:profileinstaller:1.3.0] AndroidManifest.xml:43:13-45:29
137                <action android:name="androidx.profileinstaller.action.SKIP_FILE" />
137-->[androidx.profileinstaller:profileinstaller:1.3.0] AndroidManifest.xml:44:17-85
137-->[androidx.profileinstaller:profileinstaller:1.3.0] AndroidManifest.xml:44:25-82
138            </intent-filter>
139            <intent-filter>
139-->[androidx.profileinstaller:profileinstaller:1.3.0] AndroidManifest.xml:46:13-48:29
140                <action android:name="androidx.profileinstaller.action.SAVE_PROFILE" />
140-->[androidx.profileinstaller:profileinstaller:1.3.0] AndroidManifest.xml:47:17-88
140-->[androidx.profileinstaller:profileinstaller:1.3.0] AndroidManifest.xml:47:25-85
141            </intent-filter>
142            <intent-filter>
142-->[androidx.profileinstaller:profileinstaller:1.3.0] AndroidManifest.xml:49:13-51:29
143                <action android:name="androidx.profileinstaller.action.BENCHMARK_OPERATION" />
143-->[androidx.profileinstaller:profileinstaller:1.3.0] AndroidManifest.xml:50:17-95
143-->[androidx.profileinstaller:profileinstaller:1.3.0] AndroidManifest.xml:50:25-92
144            </intent-filter>
145        </receiver>
146    </application>
147
148</manifest>